<?xml version="1.0" encoding="UTF-8"?>
<testng-results total="1" passed="1" failed="0" skipped="0">
  <reporter-output>
  </reporter-output>
  <suite started-at="2023-07-03T13:06:31Z" name="Default suite" finished-at="2023-07-03T13:07:10Z" duration-ms="38885">
    <groups>
    </groups>
    <test started-at="2023-07-03T13:06:31Z" name="Default test" finished-at="2023-07-03T13:07:10Z" duration-ms="38885">
      <class name="com.Shopping.testscenario.TestScenario">
        <test-method is-config="true" signature="setUp()[pri:0, instance:com.Shopping.testscenario.TestScenario@38b27cdc]" started-at="2023-07-03T18:36:31Z" name="setUp" finished-at="2023-07-03T18:36:46Z" duration-ms="15171" status="PASS">
          <reporter-output>
          </reporter-output>
        </test-method> <!-- setUp -->
        <test-method signature="AddCartTest()[pri:1, instance:com.Shopping.testscenario.TestScenario@38b27cdc]" started-at="2023-07-03T18:36:46Z" name="AddCartTest" finished-at="2023-07-03T18:37:09Z" duration-ms="22986" status="PASS">
          <reporter-output>
          </reporter-output>
        </test-method> <!-- AddCartTest -->
        <test-method is-config="true" signature="tearDown()[pri:0, instance:com.Shopping.testscenario.TestScenario@38b27cdc]" started-at="2023-07-03T18:37:09Z" name="tearDown" finished-at="2023-07-03T18:37:10Z" duration-ms="690" status="PASS">
          <reporter-output>
          </reporter-output>
        </test-method> <!-- tearDown -->
      </class> <!-- com.Shopping.testscenario.TestScenario -->
    </test> <!-- Default test -->
  </suite> <!-- Default suite -->
</testng-results>
